2025-08-29 18:34:30 | INFO | __main__:50 | Logger loaded.
2025-08-29 18:34:30 | INFO | __main__:169 | STARTING main()..
2025-08-29 18:34:30 | INFO | __main__:170 | Byline:

**********************************************************
Stellar Analytics — Project Header
**********************************************************
Author:                     Denise Case
Motto:                      Clear. Useful. On time.
Years Active:               5
Accepting New Clients?:     True
Remote Workshops?:          True
Services:                   ['Data Analysis', 'Machine Learning', 'Business Intelligence']
Client Satisfaction Scores: [4.8, 4.6, 4.9, 5.0, 4.7]
Minimum Satisfaction Score: 4.6
Maximum Satisfaction Score: 5.0
Mean Satisfaction Score:    4.80
     Standard Deviation:    0.16
**********************************************************

2025-08-29 18:34:30 | INFO | __main__:181 | This module is organized like all Python modules.
2025-08-29 18:34:30 | INFO | __main__:182 | We write professional Python from the start.
2025-08-29 18:34:30 | INFO | __main__:183 | END main()...
2025-08-29 18:40:30 | INFO | __main__:50 | Logger loaded.
2025-08-29 18:40:30 | INFO | __main__:171 | STARTING main()..
2025-08-29 18:40:30 | INFO | __main__:172 | Byline:

**********************************************************
Spondiferous Analytics — Project Header
**********************************************************
Author:                     Megan Chastain
Motto:                      Embrace the Unplanned.
Years Active:               5
Location:                  Columbia, Missouri
Office Locations:           ['Salem, Maine', 'Beloit, Wisconsin', 'Seattle, Washington'] (Total: 3)
Number of Employees:        25
Accepting New Clients?:     True
Remote Workshops?:          True
Services:                   ['Data Analysis', 'Machine Learning', 'Business Intelligence']
Client Satisfaction Scores: [4.8, 4.6, 4.9, 5.0, 4.7]
Minimum Satisfaction Score: 4.6
Maximum Satisfaction Score: 5.0
Mean Satisfaction Score:    4.80
     Standard Deviation:    0.16
**********************************************************

2025-08-29 18:40:30 | INFO | __main__:183 | This module is organized like all Python modules.
2025-08-29 18:40:30 | INFO | __main__:184 | We write professional Python from the start.
2025-08-29 18:40:30 | INFO | __main__:185 | END main()...
